<?xml version="1.0" encoding="UTF-8"?>
<coverage generated="1786002649031" clover="3.2.0">
  <project timestamp="1786002649031" name="All files">
    <metrics statements="12" coveredstatements="11" conditionals="8" coveredconditionals="6" methods="2" coveredmethods="2" elements="22" coveredelements="19" complexity="0" loc="12" ncloc="12" packages="1" files="1" classes="1"/>
    <file name="Togglable.jsx" path="/home/angel/Docker_Images/full_stack_open/blog_front/src/components/Togglable.jsx">
      <metrics statements="12" coveredstatements="11" conditionals="8" coveredconditionals="6" methods="2" coveredmethods="2"/>
      <line num="3" count="1" type="stmt"/>
      <line num="5" count="4" type="stmt"/>
      <line num="7" count="4" type="cond" truecount="2" falsecount="0"/>
      <line num="8" count="4" type="cond" truecount="2" falsecount="0"/>
      <line num="10" count="4" type="stmt"/>
      <line num="11" count="1" type="stmt"/>
      <line num="12" count="1" type="cond" truecount="1" falsecount="1"/>
      <line num="13" count="1" type="cond" truecount="1" falsecount="1"/>
      <line num="14" count="1" type="stmt"/>
      <line num="17" count="0" type="stmt"/>
      <line num="19" count="1" type="stmt"/>
      <line num="22" count="4" type="stmt"/>
    </file>
  </project>
</coverage>
