{"/home/angel/Docker_Images/full_stack_open/blog_front/src/components/Togglable.jsx": {"path":"/home/angel/Docker_Images/full_stack_open/blog_front/src/components/Togglable.jsx","statementMap":{"0":{"start":{"line":3,"column":6},"end":{"line":31,"column":null}},"1":{"start":{"line":5,"column":36},"end":{"line":5,"column":null}},"2":{"start":{"line":7,"column":28},"end":{"line":7,"column":null}},"3":{"start":{"line":8,"column":29},"end":{"line":8,"column":null}},"4":{"start":{"line":10,"column":10},"end":{"line":20,"column":null}},"5":{"start":{"line":11,"column":23},"end":{"line":11,"column":null}},"6":{"start":{"line":12,"column":8},"end":{"line":12,"column":null}},"7":{"start":{"line":12,"column":21},"end":{"line":12,"column":29}},"8":{"start":{"line":13,"column":8},"end":{"line":18,"column":null}},"9":{"start":{"line":14,"column":12},"end":{"line":14,"column":null}},"10":{"start":{"line":17,"column":12},"end":{"line":17,"column":null}},"11":{"start":{"line":19,"column":8},"end":{"line":19,"column":null}},"12":{"start":{"line":22,"column":4},"end":{"line":29,"column":null}}},"fnMap":{"0":{"name":"(anonymous_0)","decl":{"start":{"line":3,"column":6},"end":{"line":3,"column":20}},"loc":{"start":{"line":3,"column":30},"end":{"line":31,"column":null}},"line":3},"1":{"name":"(anonymous_1)","decl":{"start":{"line":10,"column":10},"end":{"line":10,"column":27}},"loc":{"start":{"line":10,"column":37},"end":{"line":20,"column":null}},"line":10}},"branchMap":{"0":{"loc":{"start":{"line":7,"column":40},"end":{"line":7,"column":60}},"type":"cond-expr","locations":[{"start":{"line":7,"column":49},"end":{"line":7,"column":57}},{"start":{"line":7,"column":57},"end":{"line":7,"column":60}}],"line":7},"1":{"loc":{"start":{"line":8,"column":41},"end":{"line":8,"column":62}},"type":"cond-expr","locations":[{"start":{"line":8,"column":51},"end":{"line":8,"column":59}},{"start":{"line":8,"column":59},"end":{"line":8,"column":62}}],"line":8},"2":{"loc":{"start":{"line":12,"column":8},"end":{"line":12,"column":null}},"type":"if","locations":[{"start":{"line":12,"column":8},"end":{"line":12,"column":null}},{"start":{},"end":{}}],"line":12},"3":{"loc":{"start":{"line":13,"column":8},"end":{"line":18,"column":null}},"type":"if","locations":[{"start":{"line":13,"column":8},"end":{"line":18,"column":null}},{"start":{"line":16,"column":12},"end":{"line":18,"column":null}}],"line":13}},"s":{"0":1,"1":4,"2":4,"3":4,"4":4,"5":1,"6":1,"7":0,"8":1,"9":1,"10":0,"11":1,"12":4},"f":{"0":4,"1":1},"b":{"0":[1,3],"1":[3,1],"2":[0,1],"3":[1,0]},"meta":{"lastBranch":4,"lastFunction":2,"lastStatement":13,"seen":{"s:3:6:31:Infinity":0,"f:3:6:3:20":0,"s:5:36:5:Infinity":1,"s:7:28:7:Infinity":2,"b:7:49:7:57:7:57:7:60":0,"s:8:29:8:Infinity":3,"b:8:51:8:59:8:59:8:62":1,"s:10:10:20:Infinity":4,"f:10:10:10:27":1,"s:11:23:11:Infinity":5,"b:12:8:12:Infinity:undefined:undefined:undefined:undefined":2,"s:12:8:12:Infinity":6,"s:12:21:12:29":7,"b:13:8:18:Infinity:16:12:18:Infinity":3,"s:13:8:18:Infinity":8,"s:14:12:14:Infinity":9,"s:17:12:17:Infinity":10,"s:19:8:19:Infinity":11,"s:22:4:29:Infinity":12},"fnNames":{}}}
}
